<?xml version="1.0" encoding="UTF-8"?>
<!-- Generated by org.testng.reporters.JUnitReportReporter -->
<testsuite hostname="NODE49" name="com.framework.project.classes.GmailLoginTest" tests="1" failures="0" timestamp="16 Dec 2014 10:41:50 GMT" time="91.349" errors="0">
  <testcase name="verifyLoginTest" time="91.349" classname="com.framework.project.classes.GmailLoginTest"/>
</testsuite> <!-- com.framework.project.classes.GmailLoginTest -->
